<?xml version="1.0" encoding="UTF-8"?>
<testsuite name="com.yzz.exam.springboot.domain.posts.PostsRepositoryTest" tests="2" skipped="0" failures="0" errors="0" timestamp="2021-01-08T08:24:55" hostname="jeon-yejin-ui-MacBook-Pro.local" time="0.033">
  <properties/>
  <testcase name="게시글저장_불러오기" classname="com.yzz.exam.springboot.domain.posts.PostsRepositoryTest" time="0.021"/>
  <testcase name="BaseTimeEntity_등록" classname="com.yzz.exam.springboot.domain.posts.PostsRepositoryTest" time="0.011"/>
  <system-out><![CDATA[2021-01-08 17:24:54.248  INFO 10611 --- [    Test worker] .b.t.c.SpringBootTestContextBootstrapper : Neither @ContextConfiguration nor @ContextHierarchy found for test class [com.yzz.exam.springboot.domain.posts.PostsRepositoryTest], using SpringBootContextLoader
2021-01-08 17:24:54.249  INFO 10611 --- [    Test worker] o.s.t.c.support.AbstractContextLoader    : Could not detect default resource locations for test class [com.yzz.exam.springboot.domain.posts.PostsRepositoryTest]: no resource found for suffixes {-context.xml, Context.groovy}.
2021-01-08 17:24:54.250  INFO 10611 --- [    Test worker] t.c.s.AnnotationConfigContextLoaderUtils : Could not detect default configuration classes for test class [com.yzz.exam.springboot.domain.posts.PostsRepositoryTest]: PostsRepositoryTest does not declare any static, non-private, non-final, nested classes annotated with @Configuration.
2021-01-08 17:24:54.256  INFO 10611 --- [    Test worker] .b.t.c.SpringBootTestContextBootstrapper : Found @SpringBootConfiguration com.yzz.exam.springboot.Application for test class com.yzz.exam.springboot.domain.posts.PostsRepositoryTest
2021-01-08 17:24:54.257  INFO 10611 --- [    Test worker] .b.t.c.SpringBootTestContextBootstrapper : Loaded default TestExecutionListener class names from location [META-INF/spring.factories]: [org.springframework.security.test.context.support.WithSecurityContextTestExecutionListener, org.springframework.security.test.context.support.ReactorContextTestExecutionListener, org.springframework.boot.test.autoconfigure.restdocs.RestDocsTestExecutionListener, org.springframework.boot.test.autoconfigure.web.client.MockRestServiceServerResetTestExecutionListener, org.springframework.boot.test.autoconfigure.web.servlet.MockMvcPrintOnlyOnFailureTestExecutionListener, org.springframework.boot.test.autoconfigure.web.servlet.WebDriverTestExecutionListener, org.springframework.boot.test.mock.mockito.MockitoTestExecutionListener, org.springframework.boot.test.mock.mockito.ResetMocksTestExecutionListener, org.springframework.test.context.web.ServletTestExecutionListener, org.springframework.test.context.support.DirtiesContextBeforeModesTestExecutionListener, org.springframework.test.context.support.DependencyInjectionTestExecutionListener, org.springframework.test.context.support.DirtiesContextTestExecutionListener, org.springframework.test.context.transaction.TransactionalTestExecutionListener, org.springframework.test.context.jdbc.SqlScriptsTestExecutionListener]
2021-01-08 17:24:54.258  INFO 10611 --- [    Test worker] .b.t.c.SpringBootTestContextBootstrapper : Using TestExecutionListeners: [org.springframework.test.context.web.ServletTestExecutionListener@6147f034, org.springframework.test.context.support.DirtiesContextBeforeModesTestExecutionListener@7f27123e, org.springframework.boot.test.mock.mockito.MockitoTestExecutionListener@2aec8871, org.springframework.boot.test.autoconfigure.SpringBootDependencyInjectionTestExecutionListener@71c70a9a, org.springframework.test.context.support.DirtiesContextTestExecutionListener@2fdf92c6, org.springframework.test.context.transaction.TransactionalTestExecutionListener@682ed3e1, org.springframework.test.context.jdbc.SqlScriptsTestExecutionListener@264f6195, org.springframework.security.test.context.support.WithSecurityContextTestExecutionListener@6f952c1c, org.springframework.security.test.context.support.ReactorContextTestExecutionListener@3c8fca8a, org.springframework.boot.test.autoconfigure.restdocs.RestDocsTestExecutionListener@22a0a721, org.springframework.boot.test.autoconfigure.web.client.MockRestServiceServerResetTestExecutionListener@7fbe3929, org.springframework.boot.test.autoconfigure.web.servlet.MockMvcPrintOnlyOnFailureTestExecutionListener@398d1f0e, org.springframework.boot.test.autoconfigure.web.servlet.WebDriverTestExecutionListener@7b14592f, org.springframework.boot.test.mock.mockito.ResetMocksTestExecutionListener@5c2a60c3]

  .   ____          _            __ _ _
 /\\ / ___'_ __ _ _(_)_ __  __ _ \ \ \ \
( ( )\___ | '_ | '_| | '_ \/ _` | \ \ \ \
 \\/  ___)| |_)| | | | | || (_| |  ) ) ) )
  '  |____| .__|_| |_|_| |_\__, | / / / /
 =========|_|==============|___/=/_/_/_/
 :: Spring Boot ::        (v2.1.7.RELEASE)

2021-01-08 17:24:54.293  INFO 10611 --- [    Test worker] c.y.e.s.d.posts.PostsRepositoryTest      : Starting PostsRepositoryTest on jeon-yejin-ui-MacBook-Pro.local with PID 10611 (started by jeon_yejin in /Users/jeon_yejin/IdeaProjects/yzzProject)
2021-01-08 17:24:54.294  INFO 10611 --- [    Test worker] c.y.e.s.d.posts.PostsRepositoryTest      : No active profile set, falling back to default profiles: default
2021-01-08 17:24:54.479  INFO 10611 --- [    Test worker] .s.d.r.c.RepositoryConfigurationDelegate : Bootstrapping Spring Data repositories in DEFAULT mode.
2021-01-08 17:24:54.495  INFO 10611 --- [    Test worker] .s.d.r.c.RepositoryConfigurationDelegate : Finished Spring Data repository scanning in 15ms. Found 2 repository interfaces.
2021-01-08 17:24:54.603  INFO 10611 --- [    Test worker] trationDelegate$BeanPostProcessorChecker : Bean 'org.springframework.transaction.annotation.ProxyTransactionManagementConfiguration' of type [org.springframework.transaction.annotation.ProxyTransactionManagementConfiguration$$EnhancerBySpringCGLIB$$4eec140] is not eligible for getting processed by all BeanPostProcessors (for example: not eligible for auto-proxying)
2021-01-08 17:24:54.683  INFO 10611 --- [    Test worker] com.zaxxer.hikari.HikariDataSource       : HikariPool-2 - Starting...
2021-01-08 17:24:54.684  INFO 10611 --- [    Test worker] com.zaxxer.hikari.HikariDataSource       : HikariPool-2 - Start completed.
2021-01-08 17:24:54.704  INFO 10611 --- [    Test worker] o.hibernate.jpa.internal.util.LogHelper  : HHH000204: Processing PersistenceUnitInfo [
	name: default
	...]
2021-01-08 17:24:54.711  INFO 10611 --- [    Test worker] org.hibernate.dialect.Dialect            : HHH000400: Using dialect: org.hibernate.dialect.MySQL5InnoDBDialect
Hibernate: drop table if exists posts
Hibernate: drop table if exists user
Hibernate: create table posts (id bigint not null auto_increment, created_date datetime, modified_date datetime, author varchar(255), content TEXT not null, title varchar(500) not null, primary key (id)) engine=InnoDB
Hibernate: create table user (id bigint not null auto_increment, created_date datetime, modified_date datetime, email varchar(255) not null, name varchar(255) not null, picture varchar(255), role varchar(255) not null, primary key (id)) engine=InnoDB
2021-01-08 17:24:54.762  INFO 10611 --- [    Test worker] o.h.t.schema.internal.SchemaCreatorImpl  : HHH000476: Executing import script 'org.hibernate.tool.schema.internal.exec.ScriptSourceInputNonExistentImpl@36290174'
2021-01-08 17:24:54.763  INFO 10611 --- [    Test worker] j.LocalContainerEntityManagerFactoryBean : Initialized JPA EntityManagerFactory for persistence unit 'default'
2021-01-08 17:24:54.932  INFO 10611 --- [    Test worker] o.h.h.i.QueryTranslatorFactoryInitiator  : HHH000397: Using ASTQueryTranslatorFactory
2021-01-08 17:24:55.066  INFO 10611 --- [    Test worker] o.s.s.web.DefaultSecurityFilterChain     : Creating filter chain: any request, [org.springframework.security.web.context.request.async.WebAsyncManagerIntegrationFilter@74e2584f, org.springframework.security.web.context.SecurityContextPersistenceFilter@7cffbbe8, org.springframework.security.web.header.HeaderWriterFilter@32c384c7, org.springframework.security.web.authentication.logout.LogoutFilter@c907042, org.springframework.security.oauth2.client.web.OAuth2AuthorizationRequestRedirectFilter@67acf1da, org.springframework.security.oauth2.client.web.OAuth2LoginAuthenticationFilter@4188f6f4, org.springframework.security.web.authentication.ui.DefaultLoginPageGeneratingFilter@d31baf7, org.springframework.security.web.authentication.ui.DefaultLogoutPageGeneratingFilter@6f342beb, org.springframework.security.web.savedrequest.RequestCacheAwareFilter@7d0a8d6b, org.springframework.security.web.servletapi.SecurityContextHolderAwareRequestFilter@53c1dbb1, org.springframework.security.web.authentication.AnonymousAuthenticationFilter@6f1625f6, org.springframework.security.web.session.SessionManagementFilter@72c59d7b, org.springframework.security.web.access.ExceptionTranslationFilter@53da45d1, org.springframework.security.web.access.intercept.FilterSecurityInterceptor@5449f088]
2021-01-08 17:24:55.291  INFO 10611 --- [    Test worker] o.s.s.concurrent.ThreadPoolTaskExecutor  : Initializing ExecutorService 'applicationTaskExecutor'
2021-01-08 17:24:55.305  WARN 10611 --- [    Test worker] aWebConfiguration$JpaWebMvcConfiguration : spring.jpa.open-in-view is enabled by default. Therefore, database queries may be performed during view rendering. Explicitly configure spring.jpa.open-in-view to disable this warning
2021-01-08 17:24:55.329  INFO 10611 --- [    Test worker] o.s.b.a.w.s.WelcomePageHandlerMapping    : Adding welcome page template: index
2021-01-08 17:24:55.643  INFO 10611 --- [    Test worker] s.a.ScheduledAnnotationBeanPostProcessor : No TaskScheduler/ScheduledExecutorService bean found for scheduled processing
2021-01-08 17:24:55.644  INFO 10611 --- [    Test worker] c.y.e.s.d.posts.PostsRepositoryTest      : Started PostsRepositoryTest in 1.384 seconds (JVM running for 12.448)
Hibernate: insert into posts (created_date, modified_date, author, content, title) values (?, ?, ?, ?, ?)
Hibernate: select posts0_.id as id1_0_, posts0_.created_date as created_2_0_, posts0_.modified_date as modified3_0_, posts0_.author as author4_0_, posts0_.content as content5_0_, posts0_.title as title6_0_ from posts posts0_
Hibernate: select posts0_.id as id1_0_, posts0_.created_date as created_2_0_, posts0_.modified_date as modified3_0_, posts0_.author as author4_0_, posts0_.content as content5_0_, posts0_.title as title6_0_ from posts posts0_
Hibernate: delete from posts where id=?
Hibernate: insert into posts (created_date, modified_date, author, content, title) values (?, ?, ?, ?, ?)
Hibernate: select posts0_.id as id1_0_, posts0_.created_date as created_2_0_, posts0_.modified_date as modified3_0_, posts0_.author as author4_0_, posts0_.content as content5_0_, posts0_.title as title6_0_ from posts posts0_
>>>>>>>>> createDate=2021-01-08T17:24:55.671514, modifiedDate=2021-01-08T17:24:55.671514
Hibernate: select posts0_.id as id1_0_, posts0_.created_date as created_2_0_, posts0_.modified_date as modified3_0_, posts0_.author as author4_0_, posts0_.content as content5_0_, posts0_.title as title6_0_ from posts posts0_
Hibernate: delete from posts where id=?
]]></system-out>
  <system-err><![CDATA[]]></system-err>
</testsuite>
