<?xml version="1.0" encoding="UTF-8"?>
<testsuite name="com.yzz.exam.springboot.domain.posts.PostsRepositoryTest" tests="1" skipped="0" failures="0" errors="0" timestamp="2020-11-24T11:00:00" hostname="jeon-yejin-ui-MacBook-Pro.local" time="0.516">
  <properties/>
  <testcase name="게시글저장_불러오기" classname="com.yzz.exam.springboot.domain.posts.PostsRepositoryTest" time="0.516"/>
  <system-out><![CDATA[19:59:55.216 [Test worker] DEBUG org.springframework.test.context.junit4.SpringJUnit4ClassRunner - SpringJUnit4ClassRunner constructor called with [class com.yzz.exam.springboot.domain.posts.PostsRepositoryTest]
19:59:55.227 [Test worker] DEBUG org.springframework.test.context.BootstrapUtils - Instantiating CacheAwareContextLoaderDelegate from class [org.springframework.test.context.cache.DefaultCacheAwareContextLoaderDelegate]
19:59:55.237 [Test worker] DEBUG org.springframework.test.context.BootstrapUtils - Instantiating BootstrapContext using constructor [public org.springframework.test.context.support.DefaultBootstrapContext(java.lang.Class,org.springframework.test.context.CacheAwareContextLoaderDelegate)]
19:59:55.255 [Test worker] DEBUG org.springframework.test.context.BootstrapUtils - Instantiating TestContextBootstrapper for test class [com.yzz.exam.springboot.domain.posts.PostsRepositoryTest] from class [org.springframework.boot.test.context.SpringBootTestContextBootstrapper]
19:59:55.270 [Test worker] INFO org.springframework.boot.test.context.SpringBootTestContextBootstrapper - Neither @ContextConfiguration nor @ContextHierarchy found for test class [com.yzz.exam.springboot.domain.posts.PostsRepositoryTest], using SpringBootContextLoader
19:59:55.274 [Test worker] DEBUG org.springframework.test.context.support.AbstractContextLoader - Did not detect default resource location for test class [com.yzz.exam.springboot.domain.posts.PostsRepositoryTest]: class path resource [com/yzz/exam/springboot/domain/posts/PostsRepositoryTest-context.xml] does not exist
19:59:55.274 [Test worker] DEBUG org.springframework.test.context.support.AbstractContextLoader - Did not detect default resource location for test class [com.yzz.exam.springboot.domain.posts.PostsRepositoryTest]: class path resource [com/yzz/exam/springboot/domain/posts/PostsRepositoryTestContext.groovy] does not exist
19:59:55.275 [Test worker] INFO org.springframework.test.context.support.AbstractContextLoader - Could not detect default resource locations for test class [com.yzz.exam.springboot.domain.posts.PostsRepositoryTest]: no resource found for suffixes {-context.xml, Context.groovy}.
19:59:55.276 [Test worker] INFO org.springframework.test.context.support.AnnotationConfigContextLoaderUtils - Could not detect default configuration classes for test class [com.yzz.exam.springboot.domain.posts.PostsRepositoryTest]: PostsRepositoryTest does not declare any static, non-private, non-final, nested classes annotated with @Configuration.
19:59:55.326 [Test worker] DEBUG org.springframework.test.context.support.ActiveProfilesUtils - Could not find an 'annotation declaring class' for annotation type [org.springframework.test.context.ActiveProfiles] and class [com.yzz.exam.springboot.domain.posts.PostsRepositoryTest]
19:59:55.404 [Test worker] DEBUG org.springframework.context.annotation.ClassPathScanningCandidateComponentProvider - Identified candidate component class: file [/Users/jeon_yejin/IdeaProjects/yzzProject/build/classes/java/main/com/yzz/exam/springboot/Application.class]
19:59:55.405 [Test worker] INFO org.springframework.boot.test.context.SpringBootTestContextBootstrapper - Found @SpringBootConfiguration com.yzz.exam.springboot.Application for test class com.yzz.exam.springboot.domain.posts.PostsRepositoryTest
19:59:55.502 [Test worker] DEBUG org.springframework.boot.test.context.SpringBootTestContextBootstrapper - @TestExecutionListeners is not present for class [com.yzz.exam.springboot.domain.posts.PostsRepositoryTest]: using defaults.
19:59:55.503 [Test worker] INFO org.springframework.boot.test.context.SpringBootTestContextBootstrapper - Loaded default TestExecutionListener class names from location [META-INF/spring.factories]: [org.springframework.boot.test.autoconfigure.restdocs.RestDocsTestExecutionListener, org.springframework.boot.test.autoconfigure.web.client.MockRestServiceServerResetTestExecutionListener, org.springframework.boot.test.autoconfigure.web.servlet.MockMvcPrintOnlyOnFailureTestExecutionListener, org.springframework.boot.test.autoconfigure.web.servlet.WebDriverTestExecutionListener, org.springframework.boot.test.mock.mockito.MockitoTestExecutionListener, org.springframework.boot.test.mock.mockito.ResetMocksTestExecutionListener, org.springframework.test.context.web.ServletTestExecutionListener, org.springframework.test.context.support.DirtiesContextBeforeModesTestExecutionListener, org.springframework.test.context.support.DependencyInjectionTestExecutionListener, org.springframework.test.context.support.DirtiesContextTestExecutionListener, org.springframework.test.context.transaction.TransactionalTestExecutionListener, org.springframework.test.context.jdbc.SqlScriptsTestExecutionListener]
19:59:55.526 [Test worker] INFO org.springframework.boot.test.context.SpringBootTestContextBootstrapper - Using TestExecutionListeners: [org.springframework.test.context.web.ServletTestExecutionListener@3f6908a0, org.springframework.test.context.support.DirtiesContextBeforeModesTestExecutionListener@2daddc1a, org.springframework.boot.test.mock.mockito.MockitoTestExecutionListener@7b402d6c, org.springframework.boot.test.autoconfigure.SpringBootDependencyInjectionTestExecutionListener@44540581, org.springframework.test.context.support.DirtiesContextTestExecutionListener@330f39a3, org.springframework.test.context.transaction.TransactionalTestExecutionListener@70816ed4, org.springframework.test.context.jdbc.SqlScriptsTestExecutionListener@ad006e5, org.springframework.boot.test.autoconfigure.restdocs.RestDocsTestExecutionListener@6ecc7233, org.springframework.boot.test.autoconfigure.web.client.MockRestServiceServerResetTestExecutionListener@24c49c68, org.springframework.boot.test.autoconfigure.web.servlet.MockMvcPrintOnlyOnFailureTestExecutionListener@5f48b1ea, org.springframework.boot.test.autoconfigure.web.servlet.WebDriverTestExecutionListener@552563c8, org.springframework.boot.test.mock.mockito.ResetMocksTestExecutionListener@5875deb5]
19:59:55.534 [Test worker] DEBUG org.springframework.test.annotation.ProfileValueUtils - Retrieved @ProfileValueSourceConfiguration [null] for test class [com.yzz.exam.springboot.domain.posts.PostsRepositoryTest]
19:59:55.536 [Test worker] DEBUG org.springframework.test.annotation.ProfileValueUtils - Retrieved ProfileValueSource type [class org.springframework.test.annotation.SystemProfileValueSource] for class [com.yzz.exam.springboot.domain.posts.PostsRepositoryTest]
19:59:55.541 [Test worker] DEBUG org.springframework.test.annotation.ProfileValueUtils - Retrieved @ProfileValueSourceConfiguration [null] for test class [com.yzz.exam.springboot.domain.posts.PostsRepositoryTest]
19:59:55.542 [Test worker] DEBUG org.springframework.test.annotation.ProfileValueUtils - Retrieved ProfileValueSource type [class org.springframework.test.annotation.SystemProfileValueSource] for class [com.yzz.exam.springboot.domain.posts.PostsRepositoryTest]
19:59:55.543 [Test worker] DEBUG org.springframework.test.annotation.ProfileValueUtils - Retrieved @ProfileValueSourceConfiguration [null] for test class [com.yzz.exam.springboot.domain.posts.PostsRepositoryTest]
19:59:55.544 [Test worker] DEBUG org.springframework.test.annotation.ProfileValueUtils - Retrieved ProfileValueSource type [class org.springframework.test.annotation.SystemProfileValueSource] for class [com.yzz.exam.springboot.domain.posts.PostsRepositoryTest]
19:59:55.550 [Test worker] DEBUG org.springframework.test.context.support.AbstractDirtiesContextTestExecutionListener - Before test class: context [DefaultTestContext@555c7f00 testClass = PostsRepositoryTest, testInstance = [null], testMethod = [null], testException = [null], mergedContextConfiguration = [WebMergedContextConfiguration@7d4967fb testClass = PostsRepositoryTest, locations = '{}', classes = '{class com.yzz.exam.springboot.Application}', contextInitializerClasses = '[]', activeProfiles = '{}', propertySourceLocations = '{}', propertySourceProperties = '{org.springframework.boot.test.context.SpringBootTestContextBootstrapper=true}', contextCustomizers = set[org.springframework.boot.test.autoconfigure.properties.PropertyMappingContextCustomizer@0, org.springframework.boot.test.autoconfigure.web.servlet.WebDriverContextCustomizerFactory$Customizer@6d869359, org.springframework.boot.test.context.filter.ExcludeFilterContextCustomizer@7534eb7b, org.springframework.boot.test.json.DuplicateJsonObjectContextCustomizerFactory$DuplicateJsonObjectContextCustomizer@30ee671d, org.springframework.boot.test.mock.mockito.MockitoContextCustomizer@0, org.springframework.boot.test.web.client.TestRestTemplateContextCustomizer@62febb20], resourceBasePath = 'src/main/webapp', contextLoader = 'org.springframework.boot.test.context.SpringBootContextLoader', parent = [null]], attributes = map['org.springframework.test.context.web.ServletTestExecutionListener.activateListener' -> true]], class annotated with @DirtiesContext [false] with mode [null].
19:59:55.551 [Test worker] DEBUG org.springframework.test.annotation.ProfileValueUtils - Retrieved @ProfileValueSourceConfiguration [null] for test class [com.yzz.exam.springboot.domain.posts.PostsRepositoryTest]
19:59:55.551 [Test worker] DEBUG org.springframework.test.annotation.ProfileValueUtils - Retrieved ProfileValueSource type [class org.springframework.test.annotation.SystemProfileValueSource] for class [com.yzz.exam.springboot.domain.posts.PostsRepositoryTest]
19:59:55.585 [Test worker] DEBUG org.springframework.test.context.support.TestPropertySourceUtils - Adding inlined properties to environment: {spring.jmx.enabled=false, org.springframework.boot.test.context.SpringBootTestContextBootstrapper=true, server.port=-1}

  .   ____          _            __ _ _
 /\\ / ___'_ __ _ _(_)_ __  __ _ \ \ \ \
( ( )\___ | '_ | '_| | '_ \/ _` | \ \ \ \
 \\/  ___)| |_)| | | | | || (_| |  ) ) ) )
  '  |____| .__|_| |_|_| |_\__, | / / / /
 =========|_|==============|___/=/_/_/_/
 :: Spring Boot ::        (v2.1.7.RELEASE)

2020-11-24 19:59:56.113  INFO 34069 --- [    Test worker] c.y.e.s.d.posts.PostsRepositoryTest      : Starting PostsRepositoryTest on jeon-yejin-ui-MacBook-Pro.local with PID 34069 (started by jeon_yejin in /Users/jeon_yejin/IdeaProjects/yzzProject)
2020-11-24 19:59:56.116  INFO 34069 --- [    Test worker] c.y.e.s.d.posts.PostsRepositoryTest      : No active profile set, falling back to default profiles: default
2020-11-24 19:59:57.057  INFO 34069 --- [    Test worker] .s.d.r.c.RepositoryConfigurationDelegate : Bootstrapping Spring Data repositories in DEFAULT mode.
2020-11-24 19:59:57.155  INFO 34069 --- [    Test worker] .s.d.r.c.RepositoryConfigurationDelegate : Finished Spring Data repository scanning in 86ms. Found 1 repository interfaces.
2020-11-24 19:59:57.638  INFO 34069 --- [    Test worker] trationDelegate$BeanPostProcessorChecker : Bean 'org.springframework.transaction.annotation.ProxyTransactionManagementConfiguration' of type [org.springframework.transaction.annotation.ProxyTransactionManagementConfiguration$$EnhancerBySpringCGLIB$$2f43fb99] is not eligible for getting processed by all BeanPostProcessors (for example: not eligible for auto-proxying)
2020-11-24 19:59:57.875  INFO 34069 --- [    Test worker] com.zaxxer.hikari.HikariDataSource       : HikariPool-1 - Starting...
2020-11-24 19:59:58.041  INFO 34069 --- [    Test worker] com.zaxxer.hikari.HikariDataSource       : HikariPool-1 - Start completed.
2020-11-24 19:59:58.142  INFO 34069 --- [    Test worker] o.hibernate.jpa.internal.util.LogHelper  : HHH000204: Processing PersistenceUnitInfo [
	name: default
	...]
2020-11-24 19:59:58.213  INFO 34069 --- [    Test worker] org.hibernate.Version                    : HHH000412: Hibernate Core {5.3.10.Final}
2020-11-24 19:59:58.214  INFO 34069 --- [    Test worker] org.hibernate.cfg.Environment            : HHH000206: hibernate.properties not found
2020-11-24 19:59:58.438  INFO 34069 --- [    Test worker] o.hibernate.annotations.common.Version   : HCANN000001: Hibernate Commons Annotations {5.0.4.Final}
2020-11-24 19:59:58.582  INFO 34069 --- [    Test worker] org.hibernate.dialect.Dialect            : HHH000400: Using dialect: org.hibernate.dialect.H2Dialect
2020-11-24 19:59:59.265  INFO 34069 --- [    Test worker] o.h.t.schema.internal.SchemaCreatorImpl  : HHH000476: Executing import script 'org.hibernate.tool.schema.internal.exec.ScriptSourceInputNonExistentImpl@8b50652'
2020-11-24 19:59:59.268  INFO 34069 --- [    Test worker] j.LocalContainerEntityManagerFactoryBean : Initialized JPA EntityManagerFactory for persistence unit 'default'
2020-11-24 20:00:00.406  INFO 34069 --- [    Test worker] o.s.s.concurrent.ThreadPoolTaskExecutor  : Initializing ExecutorService 'applicationTaskExecutor'
2020-11-24 20:00:00.491  WARN 34069 --- [    Test worker] aWebConfiguration$JpaWebMvcConfiguration : spring.jpa.open-in-view is enabled by default. Therefore, database queries may be performed during view rendering. Explicitly configure spring.jpa.open-in-view to disable this warning
2020-11-24 20:00:00.914  INFO 34069 --- [    Test worker] c.y.e.s.d.posts.PostsRepositoryTest      : Started PostsRepositoryTest in 5.313 seconds (JVM running for 6.523)
2020-11-24 20:00:01.202  INFO 34069 --- [    Test worker] o.h.h.i.QueryTranslatorFactoryInitiator  : HHH000397: Using ASTQueryTranslatorFactory
]]></system-out>
  <system-err><![CDATA[]]></system-err>
</testsuite>
