<?xml version="1.0" encoding="UTF-8"?>
<testsuite name="com.yzz.exam.springboot.web.HelloControllerTest" tests="2" skipped="0" failures="0" errors="0" timestamp="2021-01-08T08:24:47" hostname="jeon-yejin-ui-MacBook-Pro.local" time="0.565">
  <properties/>
  <testcase name="hello가_리턴된다" classname="com.yzz.exam.springboot.web.HelloControllerTest" time="0.494"/>
  <testcase name="helloDto가_리턴된다" classname="com.yzz.exam.springboot.web.HelloControllerTest" time="0.07"/>
  <system-out><![CDATA[17:24:43.925 [Test worker] DEBUG org.springframework.test.context.junit4.SpringJUnit4ClassRunner - SpringJUnit4ClassRunner constructor called with [class com.yzz.exam.springboot.web.HelloControllerTest]
17:24:43.941 [Test worker] DEBUG org.springframework.test.context.BootstrapUtils - Instantiating CacheAwareContextLoaderDelegate from class [org.springframework.test.context.cache.DefaultCacheAwareContextLoaderDelegate]
17:24:43.955 [Test worker] DEBUG org.springframework.test.context.BootstrapUtils - Instantiating BootstrapContext using constructor [public org.springframework.test.context.support.DefaultBootstrapContext(java.lang.Class,org.springframework.test.context.CacheAwareContextLoaderDelegate)]
17:24:43.984 [Test worker] DEBUG org.springframework.test.context.BootstrapUtils - Instantiating TestContextBootstrapper for test class [com.yzz.exam.springboot.web.HelloControllerTest] from class [org.springframework.boot.test.autoconfigure.web.servlet.WebMvcTestContextBootstrapper]
17:24:44.009 [Test worker] INFO org.springframework.boot.test.autoconfigure.web.servlet.WebMvcTestContextBootstrapper - Neither @ContextConfiguration nor @ContextHierarchy found for test class [com.yzz.exam.springboot.web.HelloControllerTest], using SpringBootContextLoader
17:24:44.013 [Test worker] DEBUG org.springframework.test.context.support.AbstractContextLoader - Did not detect default resource location for test class [com.yzz.exam.springboot.web.HelloControllerTest]: class path resource [com/yzz/exam/springboot/web/HelloControllerTest-context.xml] does not exist
17:24:44.014 [Test worker] DEBUG org.springframework.test.context.support.AbstractContextLoader - Did not detect default resource location for test class [com.yzz.exam.springboot.web.HelloControllerTest]: class path resource [com/yzz/exam/springboot/web/HelloControllerTestContext.groovy] does not exist
17:24:44.015 [Test worker] INFO org.springframework.test.context.support.AbstractContextLoader - Could not detect default resource locations for test class [com.yzz.exam.springboot.web.HelloControllerTest]: no resource found for suffixes {-context.xml, Context.groovy}.
17:24:44.016 [Test worker] INFO org.springframework.test.context.support.AnnotationConfigContextLoaderUtils - Could not detect default configuration classes for test class [com.yzz.exam.springboot.web.HelloControllerTest]: HelloControllerTest does not declare any static, non-private, non-final, nested classes annotated with @Configuration.
17:24:44.105 [Test worker] DEBUG org.springframework.test.context.support.ActiveProfilesUtils - Could not find an 'annotation declaring class' for annotation type [org.springframework.test.context.ActiveProfiles] and class [com.yzz.exam.springboot.web.HelloControllerTest]
17:24:44.297 [Test worker] DEBUG org.springframework.context.annotation.ClassPathScanningCandidateComponentProvider - Identified candidate component class: file [/Users/jeon_yejin/IdeaProjects/yzzProject/build/classes/java/main/com/yzz/exam/springboot/Application.class]
17:24:44.299 [Test worker] INFO org.springframework.boot.test.context.SpringBootTestContextBootstrapper - Found @SpringBootConfiguration com.yzz.exam.springboot.Application for test class com.yzz.exam.springboot.web.HelloControllerTest
17:24:44.311 [Test worker] DEBUG org.springframework.boot.test.autoconfigure.web.servlet.WebMvcTestContextBootstrapper - @TestExecutionListeners is not present for class [com.yzz.exam.springboot.web.HelloControllerTest]: using defaults.
17:24:44.315 [Test worker] INFO org.springframework.boot.test.autoconfigure.web.servlet.WebMvcTestContextBootstrapper - Loaded default TestExecutionListener class names from location [META-INF/spring.factories]: [org.springframework.security.test.context.support.WithSecurityContextTestExecutionListener, org.springframework.security.test.context.support.ReactorContextTestExecutionListener, org.springframework.boot.test.autoconfigure.restdocs.RestDocsTestExecutionListener, org.springframework.boot.test.autoconfigure.web.client.MockRestServiceServerResetTestExecutionListener, org.springframework.boot.test.autoconfigure.web.servlet.MockMvcPrintOnlyOnFailureTestExecutionListener, org.springframework.boot.test.autoconfigure.web.servlet.WebDriverTestExecutionListener, org.springframework.boot.test.mock.mockito.MockitoTestExecutionListener, org.springframework.boot.test.mock.mockito.ResetMocksTestExecutionListener, org.springframework.test.context.web.ServletTestExecutionListener, org.springframework.test.context.support.DirtiesContextBeforeModesTestExecutionListener, org.springframework.test.context.support.DependencyInjectionTestExecutionListener, org.springframework.test.context.support.DirtiesContextTestExecutionListener, org.springframework.test.context.transaction.TransactionalTestExecutionListener, org.springframework.test.context.jdbc.SqlScriptsTestExecutionListener]
17:24:44.348 [Test worker] INFO org.springframework.boot.test.autoconfigure.web.servlet.WebMvcTestContextBootstrapper - Using TestExecutionListeners: [org.springframework.test.context.web.ServletTestExecutionListener@2320a9d3, org.springframework.test.context.support.DirtiesContextBeforeModesTestExecutionListener@7b814e50, org.springframework.boot.test.mock.mockito.MockitoTestExecutionListener@234d869c, org.springframework.boot.test.autoconfigure.SpringBootDependencyInjectionTestExecutionListener@4a54b30, org.springframework.test.context.support.DirtiesContextTestExecutionListener@22ed1446, org.springframework.test.context.transaction.TransactionalTestExecutionListener@53ef2d85, org.springframework.test.context.jdbc.SqlScriptsTestExecutionListener@1c592802, org.springframework.security.test.context.support.WithSecurityContextTestExecutionListener@328b1c72, org.springframework.security.test.context.support.ReactorContextTestExecutionListener@788e7141, org.springframework.boot.test.autoconfigure.restdocs.RestDocsTestExecutionListener@52a7f8d0, org.springframework.boot.test.autoconfigure.web.client.MockRestServiceServerResetTestExecutionListener@76bc3be, org.springframework.boot.test.autoconfigure.web.servlet.MockMvcPrintOnlyOnFailureTestExecutionListener@6d6927ad, org.springframework.boot.test.autoconfigure.web.servlet.WebDriverTestExecutionListener@66665738, org.springframework.boot.test.mock.mockito.ResetMocksTestExecutionListener@bea425c]
17:24:44.352 [Test worker] DEBUG org.springframework.test.annotation.ProfileValueUtils - Retrieved @ProfileValueSourceConfiguration [null] for test class [com.yzz.exam.springboot.web.HelloControllerTest]
17:24:44.353 [Test worker] DEBUG org.springframework.test.annotation.ProfileValueUtils - Retrieved ProfileValueSource type [class org.springframework.test.annotation.SystemProfileValueSource] for class [com.yzz.exam.springboot.web.HelloControllerTest]
17:24:44.354 [Test worker] DEBUG org.springframework.test.annotation.ProfileValueUtils - Retrieved @ProfileValueSourceConfiguration [null] for test class [com.yzz.exam.springboot.web.HelloControllerTest]
17:24:44.354 [Test worker] DEBUG org.springframework.test.annotation.ProfileValueUtils - Retrieved ProfileValueSource type [class org.springframework.test.annotation.SystemProfileValueSource] for class [com.yzz.exam.springboot.web.HelloControllerTest]
17:24:44.362 [Test worker] DEBUG org.springframework.test.context.support.AbstractDirtiesContextTestExecutionListener - Before test class: context [DefaultTestContext@470b4a1a testClass = HelloControllerTest, testInstance = [null], testMethod = [null], testException = [null], mergedContextConfiguration = [WebMergedContextConfiguration@2f9262a9 testClass = HelloControllerTest, locations = '{}', classes = '{class com.yzz.exam.springboot.Application}', contextInitializerClasses = '[]', activeProfiles = '{}', propertySourceLocations = '{}', propertySourceProperties = '{org.springframework.boot.test.autoconfigure.web.servlet.WebMvcTestContextBootstrapper=true}', contextCustomizers = set[org.springframework.boot.test.autoconfigure.OverrideAutoConfigurationContextCustomizerFactory$DisableAutoConfigurationContextCustomizer@7bf8eff3, org.springframework.boot.test.autoconfigure.filter.TypeExcludeFiltersContextCustomizer@6eb6a8a0, org.springframework.boot.test.autoconfigure.properties.PropertyMappingContextCustomizer@c7ff698c, org.springframework.boot.test.autoconfigure.web.servlet.WebDriverContextCustomizerFactory$Customizer@2e76c864, [ImportsContextCustomizer@6808814 key = [org.springframework.boot.autoconfigure.cache.CacheAutoConfiguration, org.springframework.boot.autoconfigure.context.MessageSourceAutoConfiguration, org.springframework.boot.autoconfigure.data.web.SpringDataWebAutoConfiguration, org.springframework.boot.autoconfigure.freemarker.FreeMarkerAutoConfiguration, org.springframework.boot.autoconfigure.groovy.template.GroovyTemplateAutoConfiguration, org.springframework.boot.autoconfigure.gson.GsonAutoConfiguration, org.springframework.boot.autoconfigure.hateoas.HypermediaAutoConfiguration, org.springframework.boot.autoconfigure.http.HttpMessageConvertersAutoConfiguration, org.springframework.boot.autoconfigure.jackson.JacksonAutoConfiguration, org.springframework.boot.autoconfigure.jsonb.JsonbAutoConfiguration, org.springframework.boot.autoconfigure.mustache.MustacheAutoConfiguration, org.springframework.boot.autoconfigure.task.TaskExecutionAutoConfiguration, org.springframework.boot.autoconfigure.thymeleaf.ThymeleafAutoConfiguration, org.springframework.boot.autoconfigure.validation.ValidationAutoConfiguration, org.springframework.boot.autoconfigure.web.servlet.error.ErrorMvcAutoConfiguration, org.springframework.boot.autoconfigure.web.servlet.WebMvcAutoConfiguration, org.springframework.boot.test.autoconfigure.web.servlet.MockMvcAutoConfiguration, org.springframework.boot.test.autoconfigure.web.servlet.MockMvcSecurityAutoConfiguration, org.springframework.boot.test.autoconfigure.web.servlet.MockMvcWebClientAutoConfiguration, org.springframework.boot.test.autoconfigure.web.servlet.MockMvcWebDriverAutoConfiguration]], org.springframework.boot.test.context.filter.ExcludeFilterContextCustomizer@26ef96d4, org.springframework.boot.test.json.DuplicateJsonObjectContextCustomizerFactory$DuplicateJsonObjectContextCustomizer@3b15b8d2, org.springframework.boot.test.mock.mockito.MockitoContextCustomizer@0], resourceBasePath = 'src/main/webapp', contextLoader = 'org.springframework.boot.test.context.SpringBootContextLoader', parent = [null]], attributes = map[[empty]]], class annotated with @DirtiesContext [false] with mode [null].
17:24:44.363 [Test worker] DEBUG org.springframework.test.annotation.ProfileValueUtils - Retrieved @ProfileValueSourceConfiguration [null] for test class [com.yzz.exam.springboot.web.HelloControllerTest]
17:24:44.363 [Test worker] DEBUG org.springframework.test.annotation.ProfileValueUtils - Retrieved ProfileValueSource type [class org.springframework.test.annotation.SystemProfileValueSource] for class [com.yzz.exam.springboot.web.HelloControllerTest]
17:24:44.371 [Test worker] DEBUG org.springframework.test.context.support.DependencyInjectionTestExecutionListener - Performing dependency injection for test context [[DefaultTestContext@470b4a1a testClass = HelloControllerTest, testInstance = com.yzz.exam.springboot.web.HelloControllerTest@327ca021, testMethod = [null], testException = [null], mergedContextConfiguration = [WebMergedContextConfiguration@2f9262a9 testClass = HelloControllerTest, locations = '{}', classes = '{class com.yzz.exam.springboot.Application}', contextInitializerClasses = '[]', activeProfiles = '{}', propertySourceLocations = '{}', propertySourceProperties = '{org.springframework.boot.test.autoconfigure.web.servlet.WebMvcTestContextBootstrapper=true}', contextCustomizers = set[org.springframework.boot.test.autoconfigure.OverrideAutoConfigurationContextCustomizerFactory$DisableAutoConfigurationContextCustomizer@7bf8eff3, org.springframework.boot.test.autoconfigure.filter.TypeExcludeFiltersContextCustomizer@6eb6a8a0, org.springframework.boot.test.autoconfigure.properties.PropertyMappingContextCustomizer@c7ff698c, org.springframework.boot.test.autoconfigure.web.servlet.WebDriverContextCustomizerFactory$Customizer@2e76c864, [ImportsContextCustomizer@6808814 key = [org.springframework.boot.autoconfigure.cache.CacheAutoConfiguration, org.springframework.boot.autoconfigure.context.MessageSourceAutoConfiguration, org.springframework.boot.autoconfigure.data.web.SpringDataWebAutoConfiguration, org.springframework.boot.autoconfigure.freemarker.FreeMarkerAutoConfiguration, org.springframework.boot.autoconfigure.groovy.template.GroovyTemplateAutoConfiguration, org.springframework.boot.autoconfigure.gson.GsonAutoConfiguration, org.springframework.boot.autoconfigure.hateoas.HypermediaAutoConfiguration, org.springframework.boot.autoconfigure.http.HttpMessageConvertersAutoConfiguration, org.springframework.boot.autoconfigure.jackson.JacksonAutoConfiguration, org.springframework.boot.autoconfigure.jsonb.JsonbAutoConfiguration, org.springframework.boot.autoconfigure.mustache.MustacheAutoConfiguration, org.springframework.boot.autoconfigure.task.TaskExecutionAutoConfiguration, org.springframework.boot.autoconfigure.thymeleaf.ThymeleafAutoConfiguration, org.springframework.boot.autoconfigure.validation.ValidationAutoConfiguration, org.springframework.boot.autoconfigure.web.servlet.error.ErrorMvcAutoConfiguration, org.springframework.boot.autoconfigure.web.servlet.WebMvcAutoConfiguration, org.springframework.boot.test.autoconfigure.web.servlet.MockMvcAutoConfiguration, org.springframework.boot.test.autoconfigure.web.servlet.MockMvcSecurityAutoConfiguration, org.springframework.boot.test.autoconfigure.web.servlet.MockMvcWebClientAutoConfiguration, org.springframework.boot.test.autoconfigure.web.servlet.MockMvcWebDriverAutoConfiguration]], org.springframework.boot.test.context.filter.ExcludeFilterContextCustomizer@26ef96d4, org.springframework.boot.test.json.DuplicateJsonObjectContextCustomizerFactory$DuplicateJsonObjectContextCustomizer@3b15b8d2, org.springframework.boot.test.mock.mockito.MockitoContextCustomizer@0], resourceBasePath = 'src/main/webapp', contextLoader = 'org.springframework.boot.test.context.SpringBootContextLoader', parent = [null]], attributes = map[[empty]]]].
17:24:44.539 [Test worker] DEBUG org.springframework.test.context.support.TestPropertySourceUtils - Adding inlined properties to environment: {spring.jmx.enabled=false, org.springframework.boot.test.autoconfigure.web.servlet.WebMvcTestContextBootstrapper=true, server.port=-1}

  .   ____          _            __ _ _
 /\\ / ___'_ __ _ _(_)_ __  __ _ \ \ \ \
( ( )\___ | '_ | '_| | '_ \/ _` | \ \ \ \
 \\/  ___)| |_)| | | | | || (_| |  ) ) ) )
  '  |____| .__|_| |_|_| |_\__, | / / / /
 =========|_|==============|___/=/_/_/_/
 :: Spring Boot ::        (v2.1.7.RELEASE)

2021-01-08 17:24:45.054  INFO 10611 --- [    Test worker] c.y.e.s.web.HelloControllerTest          : Starting HelloControllerTest on jeon-yejin-ui-MacBook-Pro.local with PID 10611 (started by jeon_yejin in /Users/jeon_yejin/IdeaProjects/yzzProject)
2021-01-08 17:24:45.060  INFO 10611 --- [    Test worker] c.y.e.s.web.HelloControllerTest          : No active profile set, falling back to default profiles: default
2021-01-08 17:24:46.697  INFO 10611 --- [    Test worker] o.s.s.concurrent.ThreadPoolTaskExecutor  : Initializing ExecutorService 'applicationTaskExecutor'
2021-01-08 17:24:46.806  INFO 10611 --- [    Test worker] o.s.b.a.w.s.WelcomePageHandlerMapping    : Adding welcome page template: index
2021-01-08 17:24:47.132  INFO 10611 --- [    Test worker] .s.s.UserDetailsServiceAutoConfiguration : 

Using generated security password: d6a9a22c-f599-4551-849c-cb84222c169f

2021-01-08 17:24:47.321  INFO 10611 --- [    Test worker] o.s.s.web.DefaultSecurityFilterChain     : Creating filter chain: any request, [org.springframework.security.web.context.request.async.WebAsyncManagerIntegrationFilter@597dc1c6, org.springframework.security.web.context.SecurityContextPersistenceFilter@1ed43e3d, org.springframework.security.web.header.HeaderWriterFilter@10b7ed7, org.springframework.security.web.csrf.CsrfFilter@cf5d6fc, org.springframework.security.web.authentication.logout.LogoutFilter@52f1a546, org.springframework.security.web.authentication.UsernamePasswordAuthenticationFilter@49861768, org.springframework.security.web.authentication.ui.DefaultLoginPageGeneratingFilter@745fb50e, org.springframework.security.web.authentication.ui.DefaultLogoutPageGeneratingFilter@2b0d65be, org.springframework.security.web.authentication.www.BasicAuthenticationFilter@34b7747f, org.springframework.security.web.savedrequest.RequestCacheAwareFilter@1c2c849c, org.springframework.security.web.servletapi.SecurityContextHolderAwareRequestFilter@52fa9143, org.springframework.security.web.authentication.AnonymousAuthenticationFilter@a6f65bd, org.springframework.security.web.session.SessionManagementFilter@102487b9, org.springframework.security.web.access.ExceptionTranslationFilter@5635b061, org.springframework.security.web.access.intercept.FilterSecurityInterceptor@404ff8c9]
2021-01-08 17:24:47.357  INFO 10611 --- [    Test worker] o.s.b.t.m.w.SpringBootMockServletContext : Initializing Spring TestDispatcherServlet ''
2021-01-08 17:24:47.357  INFO 10611 --- [    Test worker] o.s.t.web.servlet.TestDispatcherServlet  : Initializing Servlet ''
2021-01-08 17:24:47.371  INFO 10611 --- [    Test worker] o.s.t.web.servlet.TestDispatcherServlet  : Completed initialization in 14 ms
2021-01-08 17:24:47.423  INFO 10611 --- [    Test worker] c.y.e.s.web.HelloControllerTest          : Started HelloControllerTest in 2.87 seconds (JVM running for 4.227)
]]></system-out>
  <system-err><![CDATA[]]></system-err>
</testsuite>
