<?xml version="1.0" encoding="UTF-8"?>
<testsuite name="com.yzz.exam.springboot.web.PostsApiControllerTest" tests="2" skipped="0" failures="0" errors="0" timestamp="2021-01-08T08:24:53" hostname="jeon-yejin-ui-MacBook-Pro.local" time="0.39">
  <properties/>
  <testcase name="Posts_등록된다" classname="com.yzz.exam.springboot.web.PostsApiControllerTest" time="0.355"/>
  <testcase name="Posts_수정된다" classname="com.yzz.exam.springboot.web.PostsApiControllerTest" time="0.034"/>
  <system-out><![CDATA[2021-01-08 17:24:53.843  INFO 10611 --- [    Test worker] .b.t.c.SpringBootTestContextBootstrapper : Neither @ContextConfiguration nor @ContextHierarchy found for test class [com.yzz.exam.springboot.web.PostsApiControllerTest], using SpringBootContextLoader
2021-01-08 17:24:53.844  INFO 10611 --- [    Test worker] o.s.t.c.support.AbstractContextLoader    : Could not detect default resource locations for test class [com.yzz.exam.springboot.web.PostsApiControllerTest]: no resource found for suffixes {-context.xml, Context.groovy}.
2021-01-08 17:24:53.845  INFO 10611 --- [    Test worker] t.c.s.AnnotationConfigContextLoaderUtils : Could not detect default configuration classes for test class [com.yzz.exam.springboot.web.PostsApiControllerTest]: PostsApiControllerTest does not declare any static, non-private, non-final, nested classes annotated with @Configuration.
2021-01-08 17:24:53.846  INFO 10611 --- [    Test worker] .b.t.c.SpringBootTestContextBootstrapper : Found @SpringBootConfiguration com.yzz.exam.springboot.Application for test class com.yzz.exam.springboot.web.PostsApiControllerTest
2021-01-08 17:24:53.847  INFO 10611 --- [    Test worker] .b.t.c.SpringBootTestContextBootstrapper : Loaded default TestExecutionListener class names from location [META-INF/spring.factories]: [org.springframework.security.test.context.support.WithSecurityContextTestExecutionListener, org.springframework.security.test.context.support.ReactorContextTestExecutionListener, org.springframework.boot.test.autoconfigure.restdocs.RestDocsTestExecutionListener, org.springframework.boot.test.autoconfigure.web.client.MockRestServiceServerResetTestExecutionListener, org.springframework.boot.test.autoconfigure.web.servlet.MockMvcPrintOnlyOnFailureTestExecutionListener, org.springframework.boot.test.autoconfigure.web.servlet.WebDriverTestExecutionListener, org.springframework.boot.test.mock.mockito.MockitoTestExecutionListener, org.springframework.boot.test.mock.mockito.ResetMocksTestExecutionListener, org.springframework.test.context.web.ServletTestExecutionListener, org.springframework.test.context.support.DirtiesContextBeforeModesTestExecutionListener, org.springframework.test.context.support.DependencyInjectionTestExecutionListener, org.springframework.test.context.support.DirtiesContextTestExecutionListener, org.springframework.test.context.transaction.TransactionalTestExecutionListener, org.springframework.test.context.jdbc.SqlScriptsTestExecutionListener]
2021-01-08 17:24:53.848  INFO 10611 --- [    Test worker] .b.t.c.SpringBootTestContextBootstrapper : Using TestExecutionListeners: [org.springframework.test.context.web.ServletTestExecutionListener@7b784df9, org.springframework.test.context.support.DirtiesContextBeforeModesTestExecutionListener@17cc4c4, org.springframework.boot.test.mock.mockito.MockitoTestExecutionListener@3bc36ca3, org.springframework.boot.test.autoconfigure.SpringBootDependencyInjectionTestExecutionListener@3f2c6ea3, org.springframework.test.context.support.DirtiesContextTestExecutionListener@682eb3a, org.springframework.test.context.transaction.TransactionalTestExecutionListener@613f55ca, org.springframework.test.context.jdbc.SqlScriptsTestExecutionListener@41399b3a, org.springframework.security.test.context.support.WithSecurityContextTestExecutionListener@1dbcbcc8, org.springframework.security.test.context.support.ReactorContextTestExecutionListener@c764f7e, org.springframework.boot.test.autoconfigure.restdocs.RestDocsTestExecutionListener@17fcca3f, org.springframework.boot.test.autoconfigure.web.client.MockRestServiceServerResetTestExecutionListener@1a9173b1, org.springframework.boot.test.autoconfigure.web.servlet.MockMvcPrintOnlyOnFailureTestExecutionListener@62b3d6d7, org.springframework.boot.test.autoconfigure.web.servlet.WebDriverTestExecutionListener@5c806840, org.springframework.boot.test.mock.mockito.ResetMocksTestExecutionListener@2d5cfcdd]
2021-01-08 17:24:53.860  INFO 10611 --- [    Test worker] o.a.c.c.C.[Tomcat].[localhost].[/]       : Initializing Spring TestDispatcherServlet ''
2021-01-08 17:24:53.860  INFO 10611 --- [    Test worker] o.s.t.web.servlet.TestDispatcherServlet  : Initializing Servlet ''
2021-01-08 17:24:53.864  INFO 10611 --- [    Test worker] o.s.t.web.servlet.TestDispatcherServlet  : Completed initialization in 4 ms
Hibernate: insert into posts (created_date, modified_date, author, content, title) values (?, ?, ?, ?, ?)
Hibernate: select posts0_.id as id1_0_, posts0_.created_date as created_2_0_, posts0_.modified_date as modified3_0_, posts0_.author as author4_0_, posts0_.content as content5_0_, posts0_.title as title6_0_ from posts posts0_
Hibernate: select posts0_.id as id1_0_, posts0_.created_date as created_2_0_, posts0_.modified_date as modified3_0_, posts0_.author as author4_0_, posts0_.content as content5_0_, posts0_.title as title6_0_ from posts posts0_
Hibernate: delete from posts where id=?
2021-01-08 17:24:54.214  INFO 10611 --- [    Test worker] o.a.c.c.C.[Tomcat].[localhost].[/]       : Initializing Spring TestDispatcherServlet ''
2021-01-08 17:24:54.214  INFO 10611 --- [    Test worker] o.s.t.web.servlet.TestDispatcherServlet  : Initializing Servlet ''
2021-01-08 17:24:54.217  INFO 10611 --- [    Test worker] o.s.t.web.servlet.TestDispatcherServlet  : Completed initialization in 3 ms
Hibernate: insert into posts (created_date, modified_date, author, content, title) values (?, ?, ?, ?, ?)
Hibernate: select posts0_.id as id1_0_0_, posts0_.created_date as created_2_0_0_, posts0_.modified_date as modified3_0_0_, posts0_.author as author4_0_0_, posts0_.content as content5_0_0_, posts0_.title as title6_0_0_ from posts posts0_ where posts0_.id=?
Hibernate: update posts set created_date=?, modified_date=?, author=?, content=?, title=? where id=?
Hibernate: select posts0_.id as id1_0_, posts0_.created_date as created_2_0_, posts0_.modified_date as modified3_0_, posts0_.author as author4_0_, posts0_.content as content5_0_, posts0_.title as title6_0_ from posts posts0_
Hibernate: select posts0_.id as id1_0_, posts0_.created_date as created_2_0_, posts0_.modified_date as modified3_0_, posts0_.author as author4_0_, posts0_.content as content5_0_, posts0_.title as title6_0_ from posts posts0_
Hibernate: delete from posts where id=?
]]></system-out>
  <system-err><![CDATA[]]></system-err>
</testsuite>
